  main.cpp
D:\Cpp\cg_project\GlutProject\main.cpp(20,18): warning C4305: “初始化”: 从“double”到“GLfloat”截断
D:\Cpp\cg_project\GlutProject\main.cpp(20,57): warning C4305: “初始化”: 从“double”到“GLfloat”截断
D:\Cpp\cg_project\GlutProject\main.cpp(87,17): warning C4305: “初始化”: 从“double”到“GLfloat”截断
D:\Cpp\cg_project\GlutProject\main.cpp(87,24): warning C4305: “初始化”: 从“double”到“GLfloat”截断
D:\Cpp\cg_project\GlutProject\main.cpp(87,31): warning C4305: “初始化”: 从“double”到“GLfloat”截断
D:\Cpp\cg_project\GlutProject\main.cpp(644,28): warning C4244: “参数”: 从“GLfloat”转换到“int”，可能丢失数据
D:\Cpp\cg_project\GlutProject\main.cpp(644,21): warning C4244: “参数”: 从“GLfloat”转换到“int”，可能丢失数据
D:\Cpp\cg_project\GlutProject\main.cpp(898,17): warning C4244: “初始化”: 从“double”转换到“GLfloat”，可能丢失数据
D:\Cpp\cg_project\GlutProject\main.cpp(898,55): warning C4244: “初始化”: 从“double”转换到“GLfloat”，可能丢失数据
D:\Cpp\cg_project\GlutProject\main.cpp(899,17): warning C4244: “初始化”: 从“double”转换到“GLfloat”，可能丢失数据
D:\Cpp\cg_project\GlutProject\main.cpp(899,55): warning C4244: “初始化”: 从“double”转换到“GLfloat”，可能丢失数据
D:\Cpp\cg_project\GlutProject\main.cpp(930,39): warning C4305: “参数”: 从“double”到“GLfloat”截断
D:\Cpp\cg_project\GlutProject\main.cpp(930,28): warning C4305: “参数”: 从“double”到“GLfloat”截断
D:\Cpp\cg_project\GlutProject\main.cpp(930,16): warning C4305: “参数”: 从“double”到“GLfloat”截断
D:\Cpp\cg_project\GlutProject\main.cpp(934,31): warning C4244: “参数”: 从“double”转换到“GLfloat”，可能丢失数据
D:\Cpp\cg_project\GlutProject\main.cpp(934,18): warning C4244: “参数”: 从“int”转换到“GLfloat”，可能丢失数据
D:\Cpp\cg_project\GlutProject\main.cpp(937,42): warning C4305: “参数”: 从“double”到“GLfloat”截断
D:\Cpp\cg_project\GlutProject\main.cpp(937,30): warning C4305: “参数”: 从“double”到“GLfloat”截断
D:\Cpp\cg_project\GlutProject\main.cpp(937,17): warning C4305: “参数”: 从“double”到“GLfloat”截断
D:\Cpp\cg_project\GlutProject\main.cpp(941,31): warning C4244: “参数”: 从“double”转换到“GLfloat”，可能丢失数据
D:\Cpp\cg_project\GlutProject\main.cpp(941,18): warning C4244: “参数”: 从“int”转换到“GLfloat”，可能丢失数据
D:\Cpp\cg_project\GlutProject\main.cpp(944,42): warning C4305: “参数”: 从“double”到“GLfloat”截断
D:\Cpp\cg_project\GlutProject\main.cpp(944,30): warning C4305: “参数”: 从“double”到“GLfloat”截断
D:\Cpp\cg_project\GlutProject\main.cpp(944,17): warning C4305: “参数”: 从“double”到“GLfloat”截断
D:\Cpp\cg_project\GlutProject\main.cpp(948,31): warning C4244: “参数”: 从“double”转换到“GLfloat”，可能丢失数据
D:\Cpp\cg_project\GlutProject\main.cpp(948,18): warning C4244: “参数”: 从“int”转换到“GLfloat”，可能丢失数据
D:\Cpp\cg_project\GlutProject\main.cpp(958,24): warning C4305: “参数”: 从“double”到“GLfloat”截断
D:\Cpp\cg_project\GlutProject\main.cpp(958,18): warning C4305: “参数”: 从“double”到“GLfloat”截断
D:\Cpp\cg_project\GlutProject\main.cpp(958,12): warning C4305: “参数”: 从“double”到“GLfloat”截断
D:\Cpp\cg_project\GlutProject\main.cpp(977,29): warning C4244: “参数”: 从“int”转换到“GLfloat”，可能丢失数据
D:\Cpp\cg_project\GlutProject\main.cpp(983,24): warning C4244: “参数”: 从“int”转换到“GLfloat”，可能丢失数据
D:\Cpp\cg_project\GlutProject\main.cpp(996,38): warning C4244: “参数”: 从“int”转换到“GLfloat”，可能丢失数据
D:\Cpp\cg_project\GlutProject\main.cpp(998,33): warning C4244: “参数”: 从“int”转换到“GLfloat”，可能丢失数据
D:\Cpp\cg_project\GlutProject\main.cpp(1088,32): warning C4305: “初始化”: 从“double”到“GLfloat”截断
D:\Cpp\cg_project\GlutProject\main.cpp(1088,37): warning C4305: “初始化”: 从“double”到“GLfloat”截断
D:\Cpp\cg_project\GlutProject\main.cpp(1088,42): warning C4305: “初始化”: 从“double”到“GLfloat”截断
D:\Cpp\cg_project\GlutProject\main.cpp(1089,32): warning C4305: “初始化”: 从“double”到“GLfloat”截断
D:\Cpp\cg_project\GlutProject\main.cpp(1089,42): warning C4305: “初始化”: 从“double”到“GLfloat”截断
D:\Cpp\cg_project\GlutProject\main.cpp(1105,21): warning C4305: “参数”: 从“double”到“GLfloat”截断
D:\Cpp\cg_project\GlutProject\main.cpp(1105,16): warning C4305: “参数”: 从“double”到“GLfloat”截断
D:\Cpp\cg_project\GlutProject\main.cpp(1105,11): warning C4305: “参数”: 从“double”到“GLfloat”截断
D:\Cpp\cg_project\GlutProject\main.cpp(1193,28): warning C4305: “=”: 从“double”到“GLfloat”截断
D:\Cpp\cg_project\GlutProject\main.cpp(1197,28): warning C4305: “=”: 从“double”到“GLfloat”截断
D:\Cpp\cg_project\GlutProject\main.cpp(1201,28): warning C4305: “=”: 从“double”到“GLfloat”截断
D:\Cpp\cg_project\GlutProject\main.cpp(1265,30): warning C4305: “初始化”: 从“double”到“GLfloat”截断
D:\Cpp\cg_project\GlutProject\main.cpp(1265,35): warning C4305: “初始化”: 从“double”到“GLfloat”截断
D:\Cpp\cg_project\GlutProject\main.cpp(1265,40): warning C4305: “初始化”: 从“double”到“GLfloat”截断
D:\Cpp\cg_project\GlutProject\main.cpp(1265,72): warning C4305: “初始化”: 从“double”到“GLfloat”截断
D:\Cpp\cg_project\GlutProject\main.cpp(1265,77): warning C4305: “初始化”: 从“double”到“GLfloat”截断
D:\Cpp\cg_project\GlutProject\main.cpp(1265,82): warning C4305: “初始化”: 从“double”到“GLfloat”截断
D:\Cpp\cg_project\GlutProject\main.cpp(1280,30): warning C4305: “初始化”: 从“double”到“GLfloat”截断
D:\Cpp\cg_project\GlutProject\main.cpp(1280,35): warning C4305: “初始化”: 从“double”到“GLfloat”截断
D:\Cpp\cg_project\GlutProject\main.cpp(1280,40): warning C4305: “初始化”: 从“double”到“GLfloat”截断
D:\Cpp\cg_project\GlutProject\main.cpp(1281,30): warning C4305: “初始化”: 从“double”到“GLfloat”截断
D:\Cpp\cg_project\GlutProject\main.cpp(1281,35): warning C4305: “初始化”: 从“double”到“GLfloat”截断
D:\Cpp\cg_project\GlutProject\main.cpp(1281,40): warning C4305: “初始化”: 从“double”到“GLfloat”截断
D:\Cpp\cg_project\GlutProject\main.cpp(1282,31): warning C4305: “初始化”: 从“double”到“GLfloat”截断
D:\Cpp\cg_project\GlutProject\main.cpp(1282,36): warning C4305: “初始化”: 从“double”到“GLfloat”截断
D:\Cpp\cg_project\GlutProject\main.cpp(1282,41): warning C4305: “初始化”: 从“double”到“GLfloat”截断
D:\Cpp\cg_project\GlutProject\main.cpp(1283,36): warning C4305: “初始化”: 从“double”到“GLfloat”截断
D:\Cpp\cg_project\GlutProject\main.cpp(1283,41): warning C4305: “初始化”: 从“double”到“GLfloat”截断
D:\Cpp\cg_project\GlutProject\main.cpp(1312,40): warning C4305: “初始化”: 从“double”到“GLfloat”截断
D:\Cpp\cg_project\GlutProject\main.cpp(1312,82): warning C4305: “初始化”: 从“double”到“GLfloat”截断
D:\Cpp\cg_project\GlutProject\main.cpp(1330,48): warning C4305: “参数”: 从“double”到“GLfloat”截断
D:\Cpp\cg_project\GlutProject\main.cpp(1346,48): warning C4305: “参数”: 从“double”到“GLfloat”截断
D:\Cpp\cg_project\GlutProject\main.cpp(1638,25): warning C4305: “参数”: 从“double”到“GLclampf”截断
D:\Cpp\cg_project\GlutProject\main.cpp(1699,26): warning C4244: “=”: 从“int”转换到“GLfloat”，可能丢失数据
D:\Cpp\cg_project\GlutProject\main.cpp(1700,27): warning C4244: “=”: 从“int”转换到“GLfloat”，可能丢失数据
D:\Cpp\cg_project\GlutProject\main.cpp(1709,26): warning C4244: “=”: 从“int”转换到“GLfloat”，可能丢失数据
D:\Cpp\cg_project\GlutProject\main.cpp(1710,27): warning C4244: “=”: 从“int”转换到“GLfloat”，可能丢失数据
  GlutProject.vcxproj -> D:\Cpp\cg_project\x64\Debug\GlutProject.exe
